Determining if the pthread_create exist failed with the following output:
Change Dir: /home/samz/Documents/School/Graphics/cs184final/cmake-build-debug/CMakeFiles/CMakeTmp

Run Build Command:"/usr/bin/make" "cmTC_a615c/fast"
/usr/bin/make -f CMakeFiles/cmTC_a615c.dir/build.make CMakeFiles/cmTC_a615c.dir/build
make[1]: Entering directory '/home/samz/Documents/School/Graphics/cs184final/cmake-build-debug/CMakeFiles/CMakeTmp'
Building C object CMakeFiles/cmTC_a615c.dir/CheckSymbolExists.c.o
/usr/bin/cc    -o CMakeFiles/cmTC_a615c.dir/CheckSymbolExists.c.o   -c /home/samz/Documents/School/Graphics/cs184final/cmake-build-debug/CMakeFiles/CMakeTmp/CheckSymbolExists.c
Linking C executable cmTC_a615c
/opt/clion/bin/cmake/linux/bin/cmake -E cmake_link_script CMakeFiles/cmTC_a615c.dir/link.txt --verbose=1
/usr/bin/cc      -rdynamic CMakeFiles/cmTC_a615c.dir/CheckSymbolExists.c.o  -o cmTC_a615c 
/usr/bin/ld: CMakeFiles/cmTC_a615c.dir/CheckSymbolExists.c.o: in function `main':
CheckSymbolExists.c:(.text+0x1b): undefined reference to `pthread_create'
collect2: error: ld returned 1 exit status
make[1]: *** [CMakeFiles/cmTC_a615c.dir/build.make:87: cmTC_a615c] Error 1
make[1]: Leaving directory '/home/samz/Documents/School/Graphics/cs184final/cmake-build-debug/CMakeFiles/CMakeTmp'
make: *** [Makefile:121: cmTC_a615c/fast] Error 2

File /home/samz/Documents/School/Graphics/cs184final/cmake-build-debug/CMakeFiles/CMakeTmp/CheckSymbolExists.c:
/* */
#include <pthread.h>

int main(int argc, char** argv)
{
  (void)argv;
#ifndef pthread_create
  return ((int*)(&pthread_create))[argc];
#else
  (void)argc;
  return 0;
#endif
}

Determining if the function pthread_create exists in the pthreads failed with the following output:
Change Dir: /home/samz/Documents/School/Graphics/cs184final/cmake-build-debug/CMakeFiles/CMakeTmp

Run Build Command:"/usr/bin/make" "cmTC_e9419/fast"
/usr/bin/make -f CMakeFiles/cmTC_e9419.dir/build.make CMakeFiles/cmTC_e9419.dir/build
make[1]: Entering directory '/home/samz/Documents/School/Graphics/cs184final/cmake-build-debug/CMakeFiles/CMakeTmp'
Building C object CMakeFiles/cmTC_e9419.dir/CheckFunctionExists.c.o
/usr/bin/cc   -DCHECK_FUNCTION_EXISTS=pthread_create   -o CMakeFiles/cmTC_e9419.dir/CheckFunctionExists.c.o   -c /opt/clion/bin/cmake/linux/share/cmake-3.13/Modules/CheckFunctionExists.c
Linking C executable cmTC_e9419
/opt/clion/bin/cmake/linux/bin/cmake -E cmake_link_script CMakeFiles/cmTC_e9419.dir/link.txt --verbose=1
/usr/bin/cc  -DCHECK_FUNCTION_EXISTS=pthread_create    -rdynamic CMakeFiles/cmTC_e9419.dir/CheckFunctionExists.c.o  -o cmTC_e9419 -lpthreads 
/usr/bin/ld: cannot find -lpthreads
collect2: error: ld returned 1 exit status
make[1]: *** [CMakeFiles/cmTC_e9419.dir/build.make:87: cmTC_e9419] Error 1
make[1]: Leaving directory '/home/samz/Documents/School/Graphics/cs184final/cmake-build-debug/CMakeFiles/CMakeTmp'
make: *** [Makefile:121: cmTC_e9419/fast] Error 2


Determining if the function glXGetProcAddressEXT exists failed with the following output:
Change Dir: /home/samz/Documents/School/Graphics/cs184final/cmake-build-debug/CMakeFiles/CMakeTmp

Run Build Command:"/usr/bin/make" "cmTC_82372/fast"
/usr/bin/make -f CMakeFiles/cmTC_82372.dir/build.make CMakeFiles/cmTC_82372.dir/build
make[1]: Entering directory '/home/samz/Documents/School/Graphics/cs184final/cmake-build-debug/CMakeFiles/CMakeTmp'
Building C object CMakeFiles/cmTC_82372.dir/CheckFunctionExists.c.o
/usr/bin/cc   -DCHECK_FUNCTION_EXISTS=glXGetProcAddressEXT   -o CMakeFiles/cmTC_82372.dir/CheckFunctionExists.c.o   -c /opt/clion/bin/cmake/linux/share/cmake-3.13/Modules/CheckFunctionExists.c
Linking C executable cmTC_82372
/opt/clion/bin/cmake/linux/bin/cmake -E cmake_link_script CMakeFiles/cmTC_82372.dir/link.txt --verbose=1
/usr/bin/cc  -DCHECK_FUNCTION_EXISTS=glXGetProcAddressEXT    -rdynamic CMakeFiles/cmTC_82372.dir/CheckFunctionExists.c.o  -o cmTC_82372 /usr/lib/libGL.so 
/usr/bin/ld: CMakeFiles/cmTC_82372.dir/CheckFunctionExists.c.o: in function `main':
CheckFunctionExists.c:(.text+0x10): undefined reference to `glXGetProcAddressEXT'
collect2: error: ld returned 1 exit status
make[1]: *** [CMakeFiles/cmTC_82372.dir/build.make:88: cmTC_82372] Error 1
make[1]: Leaving directory '/home/samz/Documents/School/Graphics/cs184final/cmake-build-debug/CMakeFiles/CMakeTmp'
make: *** [Makefile:121: cmTC_82372/fast] Error 2


